{"numTotalTestSuites":11,"numPassedTestSuites":11,"numFailedTestSuites":0,"numPendingTestSuites":0,"numTotalTests":59,"numPassedTests":59,"numFailedTests":0,"numPendingTests":0,"numTodoTests":0,"startTime":1780737569636,"success":true,"testResults":[{"assertionResults":[{"ancestorTitles":["","WebSocket Terminal Binary Protocol","encodeInput(data)"],"fullName":" WebSocket Terminal Binary Protocol encodeInput(data) returns a Uint8Array with type byte 0x01 at index 0","status":"passed","title":"returns a Uint8Array with type byte 0x01 at index 0","duration":2,"failureMessages":[]},{"ancestorTitles":["","WebSocket Terminal Binary Protocol","encodeInput(data)"],"fullName":" WebSocket Terminal Binary Protocol encodeInput(data) encodes ASCII string correctly after type byte","status":"passed","title":"encodes ASCII string correctly after type byte","duration":0,"failureMessages":[]},{"ancestorTitles":["","WebSocket Terminal Binary Protocol","encodeInput(data)"],"fullName":" WebSocket Terminal Binary Protocol encodeInput(data) encodes UTF-8 multibyte characters correctly","status":"passed","title":"encodes UTF-8 multibyte characters correctly","duration":0,"failureMessages":[]},{"ancestorTitles":["","WebSocket Terminal Binary Protocol","encodeInput(data)"],"fullName":" WebSocket Terminal Binary Protocol encodeInput(data) returns a buffer with length = payload bytes + 1","status":"passed","title":"returns a buffer with length = payload bytes + 1","duration":1,"failureMessages":[]},{"ancestorTitles":["","WebSocket Terminal Binary Protocol","encodeInput(data)"],"fullName":" WebSocket Terminal Binary Protocol encodeInput(data) handles empty string (1-byte message)","status":"passed","title":"handles empty string (1-byte message)","duration":1,"failureMessages":[]},{"ancestorTitles":["","WebSocket Terminal Binary Protocol","encodeInput(data)"],"fullName":" WebSocket Terminal Binary Protocol encodeInput(data) handles long input (1024 chars)","status":"passed","title":"handles long input (1024 chars)","duration":0,"failureMessages":[]},{"ancestorTitles":["","WebSocket Terminal Binary Protocol","encodeInput(data)"],"fullName":" WebSocket Terminal Binary Protocol encodeInput(data) does not modify the original string","status":"passed","title":"does not modify the original string","duration":0,"failureMessages":[]},{"ancestorTitles":["","WebSocket Terminal Binary Protocol","encodeResize(cols, rows)"],"fullName":" WebSocket Terminal Binary Protocol encodeResize(cols, rows) returns a 5-byte Uint8Array","status":"passed","title":"returns a 5-byte Uint8Array","duration":0,"failureMessages":[]},{"ancestorTitles":["","WebSocket Terminal Binary Protocol","encodeResize(cols, rows)"],"fullName":" WebSocket Terminal Binary Protocol encodeResize(cols, rows) sets byte 0 to WS_MSG_RESIZE (0x03)","status":"passed","title":"sets byte 0 to WS_MSG_RESIZE (0x03)","duration":1,"failureMessages":[]},{"ancestorTitles":["","WebSocket Terminal Binary Protocol","encodeResize(cols, rows)"],"fullName":" WebSocket Terminal Binary Protocol encodeResize(cols, rows) encodes cols as big-endian u16 at bytes 1-2","status":"passed","title":"encodes cols as big-endian u16 at bytes 1-2","duration":0,"failureMessages":[]},{"ancestorTitles":["","WebSocket Terminal Binary Protocol","encodeResize(cols, rows)"],"fullName":" WebSocket Terminal Binary Protocol encodeResize(cols, rows) encodes rows as big-endian u16 at bytes 3-4","status":"passed","title":"encodes rows as big-endian u16 at bytes 3-4","duration":0,"failureMessages":[]},{"ancestorTitles":["","WebSocket Terminal Binary Protocol","encodeResize(cols, rows)"],"fullName":" WebSocket Terminal Binary Protocol encodeResize(cols, rows) handles minimum values (1, 1)","status":"passed","title":"handles minimum values (1, 1)","duration":0,"failureMessages":[]},{"ancestorTitles":["","WebSocket Terminal Binary Protocol","encodeResize(cols, rows)"],"fullName":" WebSocket Terminal Binary Protocol encodeResize(cols, rows) handles maximum u16 values (65535, 65535)","status":"passed","title":"handles maximum u16 values (65535, 65535)","duration":1,"failureMessages":[]},{"ancestorTitles":["","WebSocket Terminal Binary Protocol","encodeResize(cols, rows)"],"fullName":" WebSocket Terminal Binary Protocol encodeResize(cols, rows) handles standard terminal sizes","status":"passed","title":"handles standard terminal sizes","duration":0,"failureMessages":[]},{"ancestorTitles":["","WebSocket Terminal Binary Protocol","encodeResize(cols, rows)"],"fullName":" WebSocket Terminal Binary Protocol encodeResize(cols, rows) treats cols=0 as valid (edge case)","status":"passed","title":"treats cols=0 as valid (edge case)","duration":0,"failureMessages":[]},{"ancestorTitles":["","WebSocket Terminal Binary Protocol","decodeOutput(buffer)"],"fullName":" WebSocket Terminal Binary Protocol decodeOutput(buffer) returns {type:\"output\", data:<text>} for valid output message","status":"passed","title":"returns {type:\"output\", data:<text>} for valid output message","duration":1,"failureMessages":[]},{"ancestorTitles":["","WebSocket Terminal Binary Protocol","decodeOutput(buffer)"],"fullName":" WebSocket Terminal Binary Protocol decodeOutput(buffer) returns null when buffer is empty","status":"passed","title":"returns null when buffer is empty","duration":1,"failureMessages":[]},{"ancestorTitles":["","WebSocket Terminal Binary Protocol","decodeOutput(buffer)"],"fullName":" WebSocket Terminal Binary Protocol decodeOutput(buffer) returns null when byte 0 is not WS_MSG_OUTPUT","status":"passed","title":"returns null when byte 0 is not WS_MSG_OUTPUT","duration":0,"failureMessages":[]},{"ancestorTitles":["","WebSocket Terminal Binary Protocol","decodeOutput(buffer)"],"fullName":" WebSocket Terminal Binary Protocol decodeOutput(buffer) returns null for heartbeat message type","status":"passed","title":"returns null for heartbeat message type","duration":0,"failureMessages":[]},{"ancestorTitles":["","WebSocket Terminal Binary Protocol","decodeOutput(buffer)"],"fullName":" WebSocket Terminal Binary Protocol decodeOutput(buffer) returns null for auth message type","status":"passed","title":"returns null for auth message type","duration":0,"failureMessages":[]},{"ancestorTitles":["","WebSocket Terminal Binary Protocol","decodeOutput(buffer)"],"fullName":" WebSocket Terminal Binary Protocol decodeOutput(buffer) handles UTF-8 output with multibyte characters","status":"passed","title":"handles UTF-8 output with multibyte characters","duration":0,"failureMessages":[]},{"ancestorTitles":["","WebSocket Terminal Binary Protocol","decodeOutput(buffer)"],"fullName":" WebSocket Terminal Binary Protocol decodeOutput(buffer) handles large output (4096 bytes)","status":"passed","title":"handles large output (4096 bytes)","duration":1,"failureMessages":[]},{"ancestorTitles":["","WebSocket Terminal Binary Protocol","decodeOutput(buffer)"],"fullName":" WebSocket Terminal Binary Protocol decodeOutput(buffer) returns null for resize message type","status":"passed","title":"returns null for resize message type","duration":0,"failureMessages":[]},{"ancestorTitles":["","WebSocket Terminal Binary Protocol","decodeOutput(buffer)"],"fullName":" WebSocket Terminal Binary Protocol decodeOutput(buffer) handles output with only newline characters","status":"passed","title":"handles output with only newline characters","duration":0,"failureMessages":[]},{"ancestorTitles":["","WebSocket Terminal Binary Protocol","encodeAuth(token)"],"fullName":" WebSocket Terminal Binary Protocol encodeAuth(token) returns a Uint8Array with type byte 0x05 at index 0","status":"passed","title":"returns a Uint8Array with type byte 0x05 at index 0","duration":0,"failureMessages":[]},{"ancestorTitles":["","WebSocket Terminal Binary Protocol","encodeAuth(token)"],"fullName":" WebSocket Terminal Binary Protocol encodeAuth(token) encodes the JWT token string after type byte","status":"passed","title":"encodes the JWT token string after type byte","duration":1,"failureMessages":[]},{"ancestorTitles":["","WebSocket Terminal Binary Protocol","encodeAuth(token)"],"fullName":" WebSocket Terminal Binary Protocol encodeAuth(token) returns buffer with length = token.length + 1","status":"passed","title":"returns buffer with length = token.length + 1","duration":0,"failureMessages":[]},{"ancestorTitles":["","WebSocket Terminal Binary Protocol","encodeAuth(token)"],"fullName":" WebSocket Terminal Binary Protocol encodeAuth(token) handles empty token string","status":"passed","title":"handles empty token string","duration":0,"failureMessages":[]},{"ancestorTitles":["","WebSocket Terminal Binary Protocol","encodeAuth(token)"],"fullName":" WebSocket Terminal Binary Protocol encodeAuth(token) handles JWT with many dots and base64 chars","status":"passed","title":"handles JWT with many dots and base64 chars","duration":0,"failureMessages":[]},{"ancestorTitles":["","WebSocket Terminal Binary Protocol","MockWebSocketServer echo behavior"],"fullName":" WebSocket Terminal Binary Protocol MockWebSocketServer echo behavior echoes WS_MSG_INPUT back as WS_MSG_OUTPUT with same payload","status":"passed","title":"echoes WS_MSG_INPUT back as WS_MSG_OUTPUT with same payload","duration":1,"failureMessages":[]},{"ancestorTitles":["","WebSocket Terminal Binary Protocol","MockWebSocketServer echo behavior"],"fullName":" WebSocket Terminal Binary Protocol MockWebSocketServer echo behavior responds to WS_MSG_RESIZE with WS_MSG_RESIZE ack","status":"passed","title":"responds to WS_MSG_RESIZE with WS_MSG_RESIZE ack","duration":0,"failureMessages":[]},{"ancestorTitles":["","WebSocket Terminal Binary Protocol","MockWebSocketServer echo behavior"],"fullName":" WebSocket Terminal Binary Protocol MockWebSocketServer echo behavior responds to WS_MSG_HEARTBEAT with WS_MSG_HEARTBEAT ack","status":"passed","title":"responds to WS_MSG_HEARTBEAT with WS_MSG_HEARTBEAT ack","duration":0,"failureMessages":[]},{"ancestorTitles":["","WebSocket Terminal Binary Protocol","MockWebSocketServer echo behavior"],"fullName":" WebSocket Terminal Binary Protocol MockWebSocketServer echo behavior responds to WS_MSG_AUTH with WS_MSG_AUTH ack","status":"passed","title":"responds to WS_MSG_AUTH with WS_MSG_AUTH ack","duration":0,"failureMessages":[]},{"ancestorTitles":["","WebSocket Terminal Binary Protocol","MockWebSocketServer echo behavior"],"fullName":" WebSocket Terminal Binary Protocol MockWebSocketServer echo behavior does not respond to WS_MSG_CLOSE","status":"passed","title":"does not respond to WS_MSG_CLOSE","duration":1,"failureMessages":[]},{"ancestorTitles":["","WebSocket Terminal Binary Protocol","MockWebSocketServer echo behavior"],"fullName":" WebSocket Terminal Binary Protocol MockWebSocketServer echo behavior logs received messages in order","status":"passed","title":"logs received messages in order","duration":0,"failureMessages":[]},{"ancestorTitles":["","WebSocket Terminal Binary Protocol","MockWebSocketServer echo behavior"],"fullName":" WebSocket Terminal Binary Protocol MockWebSocketServer echo behavior getLastMessageType returns the type of the most recent message","status":"passed","title":"getLastMessageType returns the type of the most recent message","duration":1,"failureMessages":[]},{"ancestorTitles":["","WebSocket Terminal Binary Protocol","MockWebSocketServer echo behavior"],"fullName":" WebSocket Terminal Binary Protocol MockWebSocketServer echo behavior notifies registered handlers when a message is received","status":"passed","title":"notifies registered handlers when a message is received","duration":2,"failureMessages":[]},{"ancestorTitles":["","WebSocket Terminal Binary Protocol","MockWebSocketClient ↔ MockWebSocketServer round-trip"],"fullName":" WebSocket Terminal Binary Protocol MockWebSocketClient ↔ MockWebSocketServer round-trip sends input and receives echoed output","status":"passed","title":"sends input and receives echoed output","duration":51,"failureMessages":[]},{"ancestorTitles":["","WebSocket Terminal Binary Protocol","MockWebSocketClient ↔ MockWebSocketServer round-trip"],"fullName":" WebSocket Terminal Binary Protocol MockWebSocketClient ↔ MockWebSocketServer round-trip transitions through connecting → open → closing → closed states","status":"passed","title":"transitions through connecting → open → closing → closed states","duration":3,"failureMessages":[]},{"ancestorTitles":["","WebSocket Terminal Binary Protocol","MockWebSocketClient ↔ MockWebSocketServer round-trip"],"fullName":" WebSocket Terminal Binary Protocol MockWebSocketClient ↔ MockWebSocketServer round-trip throws error when sending on non-open socket","status":"passed","title":"throws error when sending on non-open socket","duration":1,"failureMessages":[]},{"ancestorTitles":["","WebSocket Terminal Binary Protocol","Reconnection Backoff"],"fullName":" WebSocket Terminal Binary Protocol Reconnection Backoff computeBackoff returns ~1000ms for attempt 0 (with jitter)","status":"passed","title":"computeBackoff returns ~1000ms for attempt 0 (with jitter)","duration":1,"failureMessages":[]},{"ancestorTitles":["","WebSocket Terminal Binary Protocol","Reconnection Backoff"],"fullName":" WebSocket Terminal Binary Protocol Reconnection Backoff computeBackoff doubles roughly for each attempt","status":"passed","title":"computeBackoff doubles roughly for each attempt","duration":0,"failureMessages":[]},{"ancestorTitles":["","WebSocket Terminal Binary Protocol","Reconnection Backoff"],"fullName":" WebSocket Terminal Binary Protocol Reconnection Backoff computeBackoff caps at maxDelayMs","status":"passed","title":"computeBackoff caps at maxDelayMs","duration":1,"failureMessages":[]},{"ancestorTitles":["","WebSocket Terminal Binary Protocol","Reconnection Backoff"],"fullName":" WebSocket Terminal Binary Protocol Reconnection Backoff computeBackoff applies jitter (non-deterministic spread)","status":"passed","title":"computeBackoff applies jitter (non-deterministic spread)","duration":0,"failureMessages":[]},{"ancestorTitles":["","WebSocket Terminal Binary Protocol","Reconnection Backoff"],"fullName":" WebSocket Terminal Binary Protocol Reconnection Backoff MockReconnectManager schedules reconnect with exponential backoff","status":"passed","title":"MockReconnectManager schedules reconnect with exponential backoff","duration":2,"failureMessages":[]},{"ancestorTitles":["","WebSocket Terminal Binary Protocol","Reconnection Backoff"],"fullName":" WebSocket Terminal Binary Protocol Reconnection Backoff MockReconnectManager.reset clears pending timers","status":"passed","title":"MockReconnectManager.reset clears pending timers","duration":0,"failureMessages":[]},{"ancestorTitles":["","WebSocket Terminal Binary Protocol","JWT token extraction from localStorage"],"fullName":" WebSocket Terminal Binary Protocol JWT token extraction from localStorage returns token from localStorage when stored as JSON","status":"passed","title":"returns token from localStorage when stored as JSON","duration":0,"failureMessages":[]},{"ancestorTitles":["","WebSocket Terminal Binary Protocol","JWT token extraction from localStorage"],"fullName":" WebSocket Terminal Binary Protocol JWT token extraction from localStorage returns null when auth_token key does not exist","status":"passed","title":"returns null when auth_token key does not exist","duration":0,"failureMessages":[]},{"ancestorTitles":["","WebSocket Terminal Binary Protocol","JWT token extraction from localStorage"],"fullName":" WebSocket Terminal Binary Protocol JWT token extraction from localStorage returns null when localStorage is not mocked (null store)","status":"passed","title":"returns null when localStorage is not mocked (null store)","duration":0,"failureMessages":[]},{"ancestorTitles":["","WebSocket Terminal Binary Protocol","JWT token extraction from localStorage"],"fullName":" WebSocket Terminal Binary Protocol JWT token extraction from localStorage returns null when JSON parse fails","status":"passed","title":"returns null when JSON parse fails","duration":0,"failureMessages":[]},{"ancestorTitles":["","WebSocket Terminal Binary Protocol","JWT token extraction from localStorage"],"fullName":" WebSocket Terminal Binary Protocol JWT token extraction from localStorage returns null when token field is missing in stored JSON","status":"passed","title":"returns null when token field is missing in stored JSON","duration":1,"failureMessages":[]},{"ancestorTitles":["","WebSocket Terminal Binary Protocol","JWT token extraction from localStorage"],"fullName":" WebSocket Terminal Binary Protocol JWT token extraction from localStorage handles expired token (only checks structure, not expiry)","status":"passed","title":"handles expired token (only checks structure, not expiry)","duration":0,"failureMessages":[]},{"ancestorTitles":["","WebSocket Terminal Binary Protocol","JWT token extraction from localStorage"],"fullName":" WebSocket Terminal Binary Protocol JWT token extraction from localStorage returns null for empty string token value","status":"passed","title":"returns null for empty string token value","duration":0,"failureMessages":[]},{"ancestorTitles":["","WebSocket Terminal Binary Protocol","End-to-End Protocol Flow"],"fullName":" WebSocket Terminal Binary Protocol End-to-End Protocol Flow simulates a full terminal session: auth → resize → input → output","status":"passed","title":"simulates a full terminal session: auth → resize → input → output","duration":1,"failureMessages":[]},{"ancestorTitles":["","WebSocket Terminal Binary Protocol","End-to-End Protocol Flow"],"fullName":" WebSocket Terminal Binary Protocol End-to-End Protocol Flow handles multiple concurrent sessions with isolated message logs","status":"passed","title":"handles multiple concurrent sessions with isolated message logs","duration":1,"failureMessages":[]},{"ancestorTitles":["","WebSocket Terminal Binary Protocol","End-to-End Protocol Flow"],"fullName":" WebSocket Terminal Binary Protocol End-to-End Protocol Flow rejects unauthorized host access (IDOR check)","status":"passed","title":"rejects unauthorized host access (IDOR check)","duration":0,"failureMessages":[]},{"ancestorTitles":["","WebSocket Terminal Binary Protocol","End-to-End Protocol Flow"],"fullName":" WebSocket Terminal Binary Protocol End-to-End Protocol Flow rejects expired/invalid JWT tokens","status":"passed","title":"rejects expired/invalid JWT tokens","duration":0,"failureMessages":[]},{"ancestorTitles":["","WebSocket Terminal Binary Protocol","End-to-End Protocol Flow"],"fullName":" WebSocket Terminal Binary Protocol End-to-End Protocol Flow rejects WebSocket connection with empty Origin header","status":"passed","title":"rejects WebSocket connection with empty Origin header","duration":0,"failureMessages":[]},{"ancestorTitles":["","WebSocket Terminal Binary Protocol","End-to-End Protocol Flow"],"fullName":" WebSocket Terminal Binary Protocol End-to-End Protocol Flow correctly encodes/decodes a round-trip through all message types","status":"passed","title":"correctly encodes/decodes a round-trip through all message types","duration":1,"failureMessages":[]}],"startTime":1780737570552,"endTime":1780737570632,"status":"passed","message":"","name":"/home/makelo/.openclaw/workspace/projects/ssh-manager/tests/integration/terminal-ws.spec.ts"}]}